Exporter version: 2.93.1, Blender version: 2.93.1
========= Conversion from Blender to Babylon.js =========
	Scene settings used :
		Inline textures     :  false
		Material Type       :  STD
		Positions Precision :  4
		Normals Precision   :  3
		UVs Precision       :  3
		Vert Color Precision:  3
		Mat Weight Precision:  2
		Keep Z-up r-handed  :  no
		Texture directory   :  C:\xampp\htdocs\arminia1_46\src\assets\meshes\
	Python World class constructor completed
	processing begun of camera (UniversalCamera):  Camera
	WARNING: The following object (type - CURVE) is not currently exportable thus ignored: Torus
	processing begun of light (POINT):  Light
========= Writing of JSON file started =========
========= Writing of JSON file completed =========
========= end of processing =========
elapsed time:  0 min, 0 secs
